u8 tests:
0
255
42
254
50
50
25
u16 tests:
0
3000
65534
100
20000
100
u32 tests:
1
3000000
4294967294
300
1000000
100
u64 tests:
1
9223372036854775808
500
2000000
100
u128 tests:
1
1000000000000000000000000000001
1000
10000
100
i8 tests:
0
10
126
5
-5
-50
-5
i16 tests:
1
1000
32766
50
50
-25
i32 tests:
1
1000000
2147483646
100
-20000
-100
i64 tests:
1
-9223372036854775806
1500
20000
-100
i128 tests:
1
-999999999999999999999999999999
3000
-10000
-100
f64 tests:
1.000000
5.859870
7.300000
-7.500000
6.280000
25.000000
5.000000
-5.000000
Edge cases:
0
0
-5
1
0.333333
0.000000
